<?xml version="1.0" encoding="UTF-8"?>
<!-- Generated by org.testng.reporters.JUnitReportReporter -->
<testsuite skipped="0" hostname="tm6" name="com.Testcases.TC_01_Sample" tests="1" failures="0" timestamp="26 Jul 2018 04:59:40 GMT" time="0.032" errors="0">
  <testcase name="simple" time="0.032" classname="com.Testcases.TC_01_Sample"/>
</testsuite> <!-- com.Testcases.TC_01_Sample -->
